# JRE version: OpenJDK Runtime Environment (11.0.8+10) (build 11.0.8+10-b944.6842174)
# Java VM: OpenJDK 64-Bit Server VM (11.0.8+10-b944.6842174, mixed mode, tiered, compressed oops, g1 gc, windows-amd64)
Heap:
 garbage-first heap   total 220160K, used 165144K [0x0000000080000000, 0x0000000100000000)
  region size 1024K, 29 young (29696K), 3 survivors (3072K)
 Metaspace       used 134034K, capacity 138167K, committed 138368K, reserved 1169408K
  class space    used 16297K, capacity 17728K, committed 17792K, reserved 1048576K
GC Heap History (20 events):
Event: 9409.062 GC heap before
{Heap before GC invocations=96 (full 0):
 garbage-first heap   total 220160K, used 178238K [0x0000000080000000, 0x0000000100000000)
  region size 1024K, 45 young (46080K), 2 survivors (2048K)
 Metaspace       used 133342K, capacity 137484K, committed 137600K, reserved 1169408K
  class space    used 16282K, capacity 17723K, committed 17792K, reserved 1048576K
}
Event: 9409.068 GC heap after
{Heap after GC invocations=97 (full 0):
 garbage-first heap   total 220160K, used 135167K [0x0000000080000000, 0x0000000100000000)
  region size 1024K, 3 young (3072K), 3 survivors (3072K)
 Metaspace       used 133342K, capacity 137484K, committed 137600K, reserved 1169408K
  class space    used 16282K, capacity 17723K, committed 17792K, reserved 1048576K
}
Event: 9410.442 GC heap before
{Heap before GC invocations=97 (full 0):
 garbage-first heap   total 220160K, used 180223K [0x0000000080000000, 0x0000000100000000)
  region size 1024K, 47 young (48128K), 3 survivors (3072K)
 Metaspace       used 133568K, capacity 137686K, committed 137856K, reserved 1169408K
  class space    used 16287K, capacity 17723K, committed 17792K, reserved 1048576K
}
Event: 9410.448 GC heap after
{Heap after GC invocations=98 (full 0):
 garbage-first heap   total 220160K, used 135533K [0x0000000080000000, 0x0000000100000000)
  region size 1024K, 3 young (3072K), 3 survivors (3072K)
 Metaspace       used 133568K, capacity 137686K, committed 137856K, reserved 1169408K
  class space    used 16287K, capacity 17723K, committed 17792K, reserved 1048576K
}
Event: 9410.781 GC heap before
{Heap before GC invocations=98 (full 0):
 garbage-first heap   total 220160K, used 182637K [0x0000000080000000, 0x0000000100000000)
  region size 1024K, 49 young (50176K), 3 survivors (3072K)
 Metaspace       used 133677K, capacity 137829K, committed 138112K, reserved 1169408K
  class space    used 16288K, capacity 17725K, committed 17792K, reserved 1048576K
}
Event: 9410.787 GC heap after
{Heap after GC invocations=99 (full 0):
 garbage-first heap   total 220160K, used 136070K [0x0000000080000000, 0x0000000100000000)
  region size 1024K, 4 young (4096K), 4 survivors (4096K)
 Metaspace       used 133677K, capacity 137829K, committed 138112K, reserved 1169408K
  class space    used 16288K, capacity 17725K, committed 17792K, reserved 1048576K
}
Event: 9411.162 GC heap before
{Heap before GC invocations=99 (full 0):
 garbage-first heap   total 220160K, used 183174K [0x0000000080000000, 0x0000000100000000)
  region size 1024K, 50 young (51200K), 4 survivors (4096K)
 Metaspace       used 133803K, capacity 137961K, committed 138112K, reserved 1169408K
  class space    used 16288K, capacity 17725K, committed 17792K, reserved 1048576K
}
Event: 9411.169 GC heap after
{Heap after GC invocations=100 (full 0):
 garbage-first heap   total 220160K, used 136867K [0x0000000080000000, 0x0000000100000000)
  region size 1024K, 4 young (4096K), 4 survivors (4096K)
 Metaspace       used 133803K, capacity 137961K, committed 138112K, reserved 1169408K
  class space    used 16288K, capacity 17725K, committed 17792K, reserved 1048576K
}
Event: 9411.510 GC heap before
{Heap before GC invocations=100 (full 0):
 garbage-first heap   total 220160K, used 186019K [0x0000000080000000, 0x0000000100000000)
  region size 1024K, 52 young (53248K), 4 survivors (4096K)
 Metaspace       used 133869K, capacity 138028K, committed 138112K, reserved 1169408K
  class space    used 16288K, capacity 17725K, committed 17792K, reserved 1048576K
}
Event: 9411.520 GC heap after
{Heap after GC invocations=101 (full 0):
 garbage-first heap   total 220160K, used 137809K [0x0000000080000000, 0x0000000100000000)
  region size 1024K, 5 young (5120K), 5 survivors (5120K)
 Metaspace       used 133869K, capacity 138028K, committed 138112K, reserved 1169408K
  class space    used 16288K, capacity 17725K, committed 17792K, reserved 1048576K
}
Event: 9411.792 GC heap before
{Heap before GC invocations=101 (full 0):
 garbage-first heap   total 220160K, used 185937K [0x0000000080000000, 0x0000000100000000)
  region size 1024K, 52 young (53248K), 5 survivors (5120K)
 Metaspace       used 133903K, capacity 138030K, committed 138112K, reserved 1169408K
  class space    used 16289K, capacity 17726K, committed 17792K, reserved 1048576K
}
Event: 9411.801 GC heap after
{Heap after GC invocations=102 (full 0):
 garbage-first heap   total 220160K, used 138312K [0x0000000080000000, 0x0000000100000000)
  region size 1024K, 4 young (4096K), 4 survivors (4096K)
 Metaspace       used 133903K, capacity 138030K, committed 138112K, reserved 1169408K
  class space    used 16289K, capacity 17726K, committed 17792K, reserved 1048576K
}
Event: 9412.139 GC heap before
{Heap before GC invocations=102 (full 0):
 garbage-first heap   total 220160K, used 187464K [0x0000000080000000, 0x0000000100000000)
  region size 1024K, 52 young (53248K), 4 survivors (4096K)
 Metaspace       used 133972K, capacity 138095K, committed 138368K, reserved 1169408K
  class space    used 16295K, capacity 17726K, committed 17792K, reserved 1048576K
}
Event: 9412.151 GC heap after
{Heap after GC invocations=103 (full 0):
 garbage-first heap   total 220160K, used 140541K [0x0000000080000000, 0x0000000100000000)
  region size 1024K, 6 young (6144K), 6 survivors (6144K)
 Metaspace       used 133972K, capacity 138095K, committed 138368K, reserved 1169408K
  class space    used 16295K, capacity 17726K, committed 17792K, reserved 1048576K
}
Event: 9412.379 GC heap before
{Heap before GC invocations=103 (full 0):
 garbage-first heap   total 220160K, used 188669K [0x0000000080000000, 0x0000000100000000)
  region size 1024K, 53 young (54272K), 6 survivors (6144K)
 Metaspace       used 133989K, capacity 138095K, committed 138368K, reserved 1169408K
  class space    used 16295K, capacity 17726K, committed 17792K, reserved 1048576K
}
Event: 9412.395 GC heap after
{Heap after GC invocations=104 (full 0):
 garbage-first heap   total 220160K, used 139123K [0x0000000080000000, 0x0000000100000000)
  region size 1024K, 3 young (3072K), 3 survivors (3072K)
 Metaspace       used 133989K, capacity 138095K, committed 138368K, reserved 1169408K
  class space    used 16295K, capacity 17726K, committed 17792K, reserved 1048576K
}
Event: 9413.420 GC heap before
{Heap before GC invocations=104 (full 0):
 garbage-first heap   total 220160K, used 188275K [0x0000000080000000, 0x0000000100000000)
  region size 1024K, 51 young (52224K), 3 survivors (3072K)
 Metaspace       used 134013K, capacity 138165K, committed 138368K, reserved 1169408K
  class space    used 16297K, capacity 17728K, committed 17792K, reserved 1048576K
}
Event: 9413.427 GC heap after
{Heap after GC invocations=105 (full 0):
 garbage-first heap   total 220160K, used 140025K [0x0000000080000000, 0x0000000100000000)
  region size 1024K, 3 young (3072K), 3 survivors (3072K)
 Metaspace       used 134013K, capacity 138165K, committed 138368K, reserved 1169408K
  class space    used 16297K, capacity 17728K, committed 17792K, reserved 1048576K
}
Event: 9414.297 GC heap before
{Heap before GC invocations=105 (full 0):
 garbage-first heap   total 220160K, used 189177K [0x0000000080000000, 0x0000000100000000)
  region size 1024K, 52 young (53248K), 3 survivors (3072K)
 Metaspace       used 134026K, capacity 138167K, committed 138368K, reserved 1169408K
  class space    used 16297K, capacity 17728K, committed 17792K, reserved 1048576K
}
Event: 9414.306 GC heap after
{Heap after GC invocations=106 (full 0):
 garbage-first heap   total 220160K, used 139544K [0x0000000080000000, 0x0000000100000000)
  region size 1024K, 3 young (3072K), 3 survivors (3072K)
 Metaspace       used 134026K, capacity 138167K, committed 138368K, reserved 1169408K
  class space    used 16297K, capacity 17728K, committed 17792K, reserved 1048576K
}

